<?xml version="1.0" encoding="UTF-8"?>
<!-- Generated by org.testng.reporters.JUnitReportReporter -->
<testsuite skipped="0" hostname="vdi-znkz-001" name="testcase.LoginCase" tests="1" failures="0" timestamp="2023-04-21T17:35:05 CST" time="3.038" errors="0">
  <testcase name="login_normal" time="3.038" classname="testcase.LoginCase"/>
  <system-out/>
</testsuite> <!-- testcase.LoginCase -->
